
Showing logs for build [32mzeebe-io-zeebe-cloud-events-rou-pcjpr-9[0m stage [32mfrom-build-pack[0m and container [32mcredential-initializer[0m
{"level":"info","ts":1597143188.8469844,"caller":"creds-init/main.go:44","msg":"Credentials initialized."}

Showing logs for build [32mzeebe-io-zeebe-cloud-events-rou-pcjpr-9[0m stage [32mfrom-build-pack[0m and container [32mworking-dir-initializer[0m

Showing logs for build [32mzeebe-io-zeebe-cloud-events-rou-pcjpr-9[0m stage [32mfrom-build-pack[0m and container [32mplace-tools[0m

Showing logs for build [32mzeebe-io-zeebe-cloud-events-rou-pcjpr-9[0m stage [32mfrom-build-pack[0m and container [32mstep-git-source-zeebe-io-zeebe-cloud-events-rou-pcjpr-2bbmq[0m
{"level":"info","ts":1597143198.5517294,"caller":"git/git.go:105","msg":"Successfully cloned https://github.com/zeebe-io/zeebe-cloud-events-router.git @ v0.0.15 in path /workspace/source"}
{"level":"warn","ts":1597143198.5522165,"caller":"git/git.go:152","msg":"Unexpected error: creating symlink: symlink /tekton/home/.ssh /root/.ssh: file exists"}
{"level":"info","ts":1597143198.5978968,"caller":"git/git.go:133","msg":"Successfully initialized and updated submodules in path /workspace/source"}

Showing logs for build [32mzeebe-io-zeebe-cloud-events-rou-pcjpr-9[0m stage [32mfrom-build-pack[0m and container [32mstep-setup-builder-home[0m

Showing logs for build [32mzeebe-io-zeebe-cloud-events-rou-pcjpr-9[0m stage [32mfrom-build-pack[0m and container [32mstep-git-merge[0m
Using SHAs from PULL_REFS=master:7b3fe9ed6d61dbfcb39812c6924088c34b4dab0c
WARNING: no SHAs to merge, falling back to initial cloned commit

Showing logs for build [32mzeebe-io-zeebe-cloud-events-rou-pcjpr-9[0m stage [32mfrom-build-pack[0m and container [32mstep-setup-jx-git-credentials[0m
Generated Git credentials file /workspace/xdg_config/git/credentials

Showing logs for build [32mzeebe-io-zeebe-cloud-events-rou-pcjpr-9[0m stage [32mfrom-build-pack[0m and container [32mstep-build-mvn-deploy[0m
Picked up _JAVA_OPTIONS: -XX:+UnlockExperimentalVMOptions -Dsun.zip.disableMemoryMapping=true -XX:+UseParallelGC -XX:MinHeapFreeRatio=5 -XX:MaxHeapFreeRatio=10 -XX:GCTimeRatio=4 -XX:AdaptiveSizePolicyWeight=90 -Xms10m -Xmx192m
[INFO] Scanning for projects...
[INFO] 
[INFO] ------------< com.*******.zeebe:zeebe-cloud-events-router >-------------
[INFO] Building Zeebe Cloud Events Router 0.0.15
[INFO] --------------------------------[ jar ]---------------------------------
[INFO] 
[INFO] --- maven-clean-plugin:3.1.0:clean (default-clean) @ zeebe-cloud-events-router ---
[INFO] 
[INFO] --- maven-resources-plugin:3.1.0:resources (default-resources) @ zeebe-cloud-events-router ---
[INFO] Using 'UTF-8' encoding to copy filtered resources.
[INFO] Copying 1 resource
[INFO] Copying 0 resource
[INFO] 
[INFO] --- maven-compiler-plugin:3.8.1:compile (default-compile) @ zeebe-cloud-events-router ---
[INFO] Changes detected - recompiling the module!
[INFO] Compiling 7 source files to /workspace/source/target/classes
[INFO] -------------------------------------------------------------
[ERROR] COMPILATION ERROR : 
[INFO] -------------------------------------------------------------
[ERROR] /workspace/source/src/main/java/io/zeebe/cloud/events/router/ZeebeCloudEventsRouterController.java:[69,98] cannot find symbol
  symbol:   method getExtension(java.lang.String)
  location: variable cloudEvent of type io.cloudevents.CloudEvent
[ERROR] /workspace/source/src/main/java/io/zeebe/cloud/events/router/ZeebeCloudEventsRouterController.java:[122,108] cannot find symbol
  symbol:   method getType()
  location: variable cloudEvent of type io.cloudevents.CloudEvent
[ERROR] /workspace/source/src/main/java/io/zeebe/cloud/events/router/ZeebeCloudEventsRouterController.java:[161,43] cannot find symbol
  symbol:   method getType()
  location: variable cloudEvent of type io.cloudevents.CloudEvent
[ERROR] /workspace/source/src/main/java/io/zeebe/cloud/events/router/ZeebeCloudEventsRouterController.java:[162,71] cannot find symbol
  symbol:   method getExtension(java.lang.String)
  location: variable cloudEvent of type io.cloudevents.CloudEvent
[INFO] 4 errors 
[INFO] -------------------------------------------------------------
[INFO] ------------------------------------------------------------------------
[INFO] BUILD FAILURE
[INFO] ------------------------------------------------------------------------
[INFO] Total time:  37.660 s
[INFO] Finished at: 2020-08-11T10:54:05Z
[INFO] ------------------------------------------------------------------------
[ERROR] Failed to execute goal org.apache.maven.plugins:maven-compiler-plugin:3.8.1:compile (default-compile) on project zeebe-cloud-events-router: Compilation failure: Compilation failure: 
[ERROR] /workspace/source/src/main/java/io/zeebe/cloud/events/router/ZeebeCloudEventsRouterController.java:[69,98] cannot find symbol
[ERROR]   symbol:   method getExtension(java.lang.String)
[ERROR]   location: variable cloudEvent of type io.cloudevents.CloudEvent
[ERROR] /workspace/source/src/main/java/io/zeebe/cloud/events/router/ZeebeCloudEventsRouterController.java:[122,108] cannot find symbol
[ERROR]   symbol:   method getType()
[ERROR]   location: variable cloudEvent of type io.cloudevents.CloudEvent
[ERROR] /workspace/source/src/main/java/io/zeebe/cloud/events/router/ZeebeCloudEventsRouterController.java:[161,43] cannot find symbol
[ERROR]   symbol:   method getType()
[ERROR]   location: variable cloudEvent of type io.cloudevents.CloudEvent
[ERROR] /workspace/source/src/main/java/io/zeebe/cloud/events/router/ZeebeCloudEventsRouterController.java:[162,71] cannot find symbol
[ERROR]   symbol:   method getExtension(java.lang.String)
[ERROR]   location: variable cloudEvent of type io.cloudevents.CloudEvent
[ERROR] -> [Help 1]
[ERROR] 
[ERROR] To see the full stack trace of the errors, re-run Maven with the -e switch.
[ERROR] Re-run Maven using the -X switch to enable full debug logging.
[ERROR] 
[ERROR] For more information about the errors and possible solutions, please read the following articles:
[ERROR] [Help 1] http://cwiki.apache.org/confluence/display/MAVEN/MojoFailureException
[31m
Pipeline failed on stage 'from-build-pack' : container 'step-build-mvn-deploy'. The execution of the pipeline has stopped.[0m
